0 silly input [ 'build' ]
1 silly flags { _: [ 'run' ],
1 silly flags   'reject-cycles': false,
1 silly flags   rejectCycles: false,
1 silly flags   script: 'build',
1 silly flags   args: [] }
2 verbose rootPath /Users/joatin/GitHub/eventific
3 info version 2.5.1
4 silly existsSync /Users/joatin/GitHub/eventific/VERSION
5 silly initialize attempt
6 silly initialize success
7 silly execute attempt
8 silly runScriptInDir build [] core
9 silly getExecOpts { cwd: '/Users/joatin/GitHub/eventific/packages/core' }
10 error build Errored while running script in '@eventific/core'
11 error execute callback with error
12 error Error: Command failed: npm run build
12 error npm ERR! code ELIFECYCLE
12 error npm ERR! errno 2
12 error npm ERR! @eventific/core@0.0.1 build: `tsc`
12 error npm ERR! Exit status 2
12 error npm ERR!
12 error npm ERR! Failed at the @eventific/core@0.0.1 build script.
12 error npm ERR! This is probably not a problem with npm. There is likely additional logging output above.
12 error
12 error npm ERR! A complete log of this run can be found in:
12 error npm ERR!     /Users/joatin/.npm/_logs/2018-01-18T21_05_15_982Z-debug.log
12 error
12 error > @eventific/core@0.0.1 prebuild /Users/joatin/GitHub/eventific/packages/core
12 error > rimraf ./lib
12 error
12 error
12 error > @eventific/core@0.0.1 build /Users/joatin/GitHub/eventific/packages/core
12 error > tsc
12 error
12 error ../../node_modules/@types/koa-route/index.d.ts(8,31): error TS2307: Cannot find module 'path-to-regexp'.
12 error
12 error     at Promise.all.then.arr (/usr/local/lib/node_modules/lerna/node_modules/execa/index.js:236:11)
12 error     at <anonymous>
